Starting LogApplication on GoldsudoSurface with PID 2828 (D:\workspace\study-project\study-slf4j\target\classes started by goldsudo in D:\workspace\study-project\study-slf4j)
No active profile set, falling back to default profiles: default
Refreshing org.springframework.boot.web.servlet.context.AnnotationConfigServletWebServerApplicationContext@41e36e46: startup date [Sun Sep 23 23:16:21 CST 2018]; root of context hierarchy
Tomcat initialized with port(s): 8080 (http)
Initializing ProtocolHandler ["http-nio-8080"]
Starting service [Tomcat]
Starting Servlet Engine: Apache Tomcat/8.5.34
The APR based Apache Tomcat Native library which allows optimal performance in production environments was not found on the java.library.path: [D:\tools\java\jdk1.8\bin;C:\Windows\Sun\Java\bin;C:\Windows\system32;C:\Windows;C:\ProgramData\Oracle\Java\javapath;C:\Windows\system32;C:\Windows;C:\Windows\System32\Wbem;C:\Windows\System32\WindowsPowerShell\v1.0\;C:\Windows\System32\OpenSSH\;D:\tools\Microsoft VS Code\bin;D:\tools\Git\cmd;D:\tools\TortoiseGit\bin;D:\tools\node\;D:\tools\node\node_global;D:\tools\java\jdk1.8\bin;D:\tools\java\jdk1.8\jre\bin;D:\tools\maven\apache-maven-3.5.4\bin;C:\Program Files\MySQL\MySQL Server 8.0\bin;D:\tools\TortoiseSVN\bin;C:\Users\goldsudo\AppData\Local\Microsoft\WindowsApps;C:\Users\goldsudo\AppData\Roaming\npm;C:\Users\goldsudo\AppData\Local\GitHubDesktop\bin;.]
Initializing Spring embedded WebApplicationContext
Root WebApplicationContext: initialization completed in 3960 ms
Servlet dispatcherServlet mapped to [/]
Mapping filter: 'characterEncodingFilter' to: [/*]
Mapping filter: 'hiddenHttpMethodFilter' to: [/*]
Mapping filter: 'httpPutFormContentFilter' to: [/*]
Mapping filter: 'requestContextFilter' to: [/*]
Mapped URL path [/**/favicon.ico] onto handler of type [class org.springframework.web.servlet.resource.ResourceHttpRequestHandler]
Looking for @ControllerAdvice: org.springframework.boot.web.servlet.context.AnnotationConfigServletWebServerApplicationContext@41e36e46: startup date [Sun Sep 23 23:16:21 CST 2018]; root of context hierarchy
Mapped "{[/logTest/doLog],methods=[GET]}" onto public void com.goldsudo.web.LogTestController.doLog()
Mapped "{[/error]}" onto public org.springframework.http.ResponseEntity<java.util.Map<java.lang.String, java.lang.Object>> org.springframework.boot.autoconfigure.web.servlet.error.BasicErrorController.error(javax.servlet.http.HttpServletRequest)
Mapped "{[/error],produces=[text/html]}" onto public org.springframework.web.servlet.ModelAndView org.springframework.boot.autoconfigure.web.servlet.error.BasicErrorController.errorHtml(javax.servlet.http.HttpServletRequest,javax.servlet.http.HttpServletResponse)
Mapped URL path [/webjars/**] onto handler of type [class org.springframework.web.servlet.resource.ResourceHttpRequestHandler]
Mapped URL path [/**] onto handler of type [class org.springframework.web.servlet.resource.ResourceHttpRequestHandler]
Registering beans for JMX exposure on startup
Starting ProtocolHandler ["http-nio-8080"]
Using a shared selector for servlet write/read
Tomcat started on port(s): 8080 (http) with context path ''
Started LogApplication in 8.03 seconds (JVM running for 11.813)
Initializing Spring FrameworkServlet 'dispatcherServlet'
FrameworkServlet 'dispatcherServlet': initialization started
FrameworkServlet 'dispatcherServlet': initialization completed in 31 ms
方法执行开始,joinPoint:execution(void com.goldsudo.web.LogTestController.doLog())
URL : http://localhost:8080/logTest/doLog
HTTP_METHOD : GET
IP : 0:0:0:0:0:0:0:1
CLASS_METHOD : com.goldsudo.web.LogTestController.doLog
ARGS : []
这是一条info级别的日志
这是一条warn级别的日志
方法执行结束,joinPoint:execution(void com.goldsudo.web.LogTestController.doLog())，执行耗时：7 ms.
方法的返回值 : null
